Running Sphinx v1.0.7
!!!!!!!
C:\Program Files (x86)\XMOS\xSoftIPTools\1.0.18\xdoc\docutils\writers\html4css1\html4css1.css
Running XMOS Documentation setup:xlatex
Using XMOS Styled LaTeX
loading pickled environment... not yet created
building [xlatex]: all documents
updating environment: 5 added, 0 changed, 0 removed
reading sources... [ 20%] a16_core_board
reading sources... [ 40%] design_your_own
reading sources... [ 60%] index
reading sources... [ 80%] overview
reading sources... [100%] slice_cards

looking for now-outdated files... none found
pickling environment... done
checking consistency... done
processing index.tex... index overview a16_core_board slice_cards design_your_own 
resolving references...
Adding scope descriptions
writing... done
copying images... images\a16_core_board.pdf images\spiselectflow.pdf images\jtagchain.pdf images\slicecarddetail.pdf images\slicekitlayout.pdf
copying TeX support files... done
build succeeded.
