\BOOKMARK [0][-]{chapter.1}{Overview}{}% 1
\BOOKMARK [1][-]{section.1.1}{Introduction}{chapter.1}% 2
\BOOKMARK [1][-]{section.1.2}{sliceKIT system layout}{chapter.1}% 3
\BOOKMARK [0][-]{chapter.2}{Core Board}{}% 4
\BOOKMARK [1][-]{section.2.1}{Multiple Core Boards}{chapter.2}% 5
\BOOKMARK [1][-]{section.2.2}{Setup}{chapter.2}% 6
\BOOKMARK [1][-]{section.2.3}{Power Supply}{chapter.2}% 7
\BOOKMARK [1][-]{section.2.4}{Debug}{chapter.2}% 8
\BOOKMARK [1][-]{section.2.5}{A16 Boot}{chapter.2}% 9
\BOOKMARK [1][-]{section.2.6}{xCONNECT Links}{chapter.2}% 10
\BOOKMARK [1][-]{section.2.7}{Reset}{chapter.2}% 11
\BOOKMARK [1][-]{section.2.8}{Clocking}{chapter.2}% 12
\BOOKMARK [1][-]{section.2.9}{Testpoints}{chapter.2}% 13
\BOOKMARK [1][-]{section.2.10}{Slot pinouts}{chapter.2}% 14
\BOOKMARK [2][-]{subsection.2.10.1}{STAR}{section.2.10}% 15
\BOOKMARK [2][-]{subsection.2.10.2}{SQUARE}{section.2.10}% 16
\BOOKMARK [2][-]{subsection.2.10.3}{TRIANGLE}{section.2.10}% 17
\BOOKMARK [2][-]{subsection.2.10.4}{CIRCLE}{section.2.10}% 18
\BOOKMARK [2][-]{subsection.2.10.5}{CHAIN}{section.2.10}% 19
\BOOKMARK [2][-]{subsection.2.10.6}{MIXED SIGNAL}{section.2.10}% 20
\BOOKMARK [2][-]{subsection.2.10.7}{System Services Slot Signals}{section.2.10}% 21
\BOOKMARK [0][-]{chapter.3}{Slice Cards and Slots}{}% 22
\BOOKMARK [0][-]{chapter.4}{Designing a Slice Card}{}% 23
\BOOKMARK [1][-]{section.4.1}{Power}{chapter.4}% 24
\BOOKMARK [1][-]{section.4.2}{Signal I/O}{chapter.4}% 25
\BOOKMARK [1][-]{section.4.3}{sliceCARD Form Factors}{chapter.4}% 26
\BOOKMARK [1][-]{section.4.4}{Connector Pinouts}{chapter.4}% 27
\BOOKMARK [2][-]{subsection.4.4.1}{STAR}{section.4.4}% 28
\BOOKMARK [2][-]{subsection.4.4.2}{SQUARE}{section.4.4}% 29
\BOOKMARK [2][-]{subsection.4.4.3}{TRIANGLE}{section.4.4}% 30
\BOOKMARK [2][-]{subsection.4.4.4}{CIRCLE}{section.4.4}% 31
\BOOKMARK [2][-]{subsection.4.4.5}{MIXED SIGNAL}{section.4.4}% 32
